<?xml version="1.0" encoding="UTF-8"?>
<testng-results skipped="0" failed="0" ignored="0" total="1" passed="1">
  <reporter-output>
  </reporter-output>
  <suite name="Xero" duration-ms="30482" started-at="2020-08-01T02:38:54Z" finished-at="2020-08-01T02:39:24Z">
    <groups>
    </groups>
    <test name="chromeTest" duration-ms="30482" started-at="2020-08-01T02:38:54Z" finished-at="2020-08-01T02:39:24Z">
      <class name="co.xero.testcase.Test1">
        <test-method status="PASS" signature="testCase1()[pri:0, instance:co.xero.testcase.Test1@1a968a59]" name="testCase1" duration-ms="30428" started-at="2020-08-01T02:38:54Z" finished-at="2020-08-01T02:39:24Z">
          <reporter-output>
          </reporter-output>
        </test-method> <!-- testCase1 -->
      </class> <!-- co.xero.testcase.Test1 -->
    </test> <!-- chromeTest -->
  </suite> <!-- Xero -->
</testng-results>
